<?xml version="1.0" encoding="UTF-8" standalone="no"?>
<testsuite failures="1" name="cucumber.runtime.formatter.JUnitFormatter" skipped="0" tests="1" time="0">
<testcase classname="Automated End2EndTests" name="Customer Placed an order by purchasing an item through search" time="0">
<failure message="The scenario has pending or undefined step(s)"><![CDATA[Given user is already on login page.........................................undefined
When user search for "dress"................................................undefined
And choose to buy first item................................................undefined
And moves to checkout from mini cart........................................undefined
And personal details on checkout page.......................................undefined
And select same delivery adress.............................................undefined
And select payment Method as "cheque" payment...............................undefined
And plsce the oeder.........................................................undefined
]]></failure>
</testcase>
</testsuite>
